<?xml version="1.0" encoding="UTF-8"?>
<!-- Generated by org.testng.reporters.JUnitReportReporter -->
<testsuite skipped="0" hostname="Intel-PC-Shreejesh" name="com.fleetain.Testcase.Inspection_InspectionListTest" tests="11" failures="0" timestamp="29 May 2019 07:54:16 GMT" time="60.058" errors="0">
  <testcase name="enter_Inspection_Data" time="13.862" classname="com.fleetain.Testcase.Inspection_InspectionListTest"/>
  <testcase name="click_On_add_Item" time="0.161" classname="com.fleetain.Testcase.Inspection_InspectionListTest"/>
  <testcase name="select_pass_Add_Items" time="3.284" classname="com.fleetain.Testcase.Inspection_InspectionListTest"/>
  <testcase name="click_On_Add_Item_And_Select_Pass_Fail" time="2.933" classname="com.fleetain.Testcase.Inspection_InspectionListTest"/>
  <testcase name="click_on_Odometer_Entry" time="2.659" classname="com.fleetain.Testcase.Inspection_InspectionListTest"/>
  <testcase name="click_On_Reading_Entry" time="2.832" classname="com.fleetain.Testcase.Inspection_InspectionListTest"/>
  <testcase name="click_On_Save_Button" time="8.432" classname="com.fleetain.Testcase.Inspection_InspectionListTest"/>
  <testcase name="assign_Vehicle" time="10.058" classname="com.fleetain.Testcase.Inspection_InspectionListTest"/>
  <testcase name="assign_Person" time="9.108" classname="com.fleetain.Testcase.Inspection_InspectionListTest"/>
  <testcase name="add_Work_Flow" time="6.705" classname="com.fleetain.Testcase.Inspection_InspectionListTest"/>
  <testcase name="acceptThePopUpAlert" time="0.024" classname="com.fleetain.Testcase.Inspection_InspectionListTest"/>
</testsuite> <!-- com.fleetain.Testcase.Inspection_InspectionListTest -->
