<?xml version="1.0" encoding="UTF-8"?>
<!-- Generated by org.testng.reporters.JUnitReportReporter -->
<testsuite skipped="1" hostname="PAVILION" name="com.fleetain.Testcase.LoginPageTest" tests="4" failures="0" timestamp="16 Aug 2019 16:17:17 GMT" time="2.634" errors="0">
  <testcase name="login_Page_Title_Verify" time="0.085" classname="com.fleetain.Testcase.LoginPageTest"/>
  <testcase name="invalid_Login_Verify" time="1.061" classname="com.fleetain.Testcase.LoginPageTest"/>
  <testcase name="Login_Suceefully_Verify" time="1.488" classname="com.fleetain.Testcase.LoginPageTest"/>
  <testcase name="login_ErrorMsg_Varify" classname="com.fleetain.Testcase.LoginPageTest">
    <skipped/>
  </testcase> <!-- login_ErrorMsg_Varify -->
</testsuite> <!-- com.fleetain.Testcase.LoginPageTest -->
