<?xml version="1.0" encoding="UTF-8"?>
<!-- Generated by org.testng.reporters.JUnitReportReporter -->
<testsuite skipped="7" hostname="PAVILION" name="com.fleetain.Testcase.AddVehiclePageTest" tests="11" failures="0" timestamp="16 Aug 2019 16:23:01 GMT" time="160.827" errors="2">
  <testcase name="verify_Add_Vehicle_Page_Title" time="0.036" classname="com.fleetain.Testcase.AddVehiclePageTest"/>
  <testcase name="verify_correct_UserName_on_add_vehicle" time="0.126" classname="com.fleetain.Testcase.AddVehiclePageTest"/>
  <testcase name="enter_Vehicle_Details" time="105.459" classname="com.fleetain.Testcase.AddVehiclePageTest">
    <error type="org.openqa.selenium.NoSuchElementException" message="Cannot locate element with text: MM5896
For documentation on this error, please visit: http://seleniumhq.org/exceptions/no_such_element.html
Build info: version: &#039;3.0.1&#039;, revision: &#039;1969d75&#039;, time: &#039;2016-10-18 09:49:13 -0700&#039;
System info: host: &#039;PAVILION&#039;, ip: &#039;192.168.43.2&#039;, os.name: &#039;Windows 8.1&#039;, os.arch: &#039;x86&#039;, os.version: &#039;6.3&#039;, java.version: &#039;1.8.0_191&#039;
Driver info: driver.version: unknown">
      <![CDATA[org.openqa.selenium.NoSuchElementException: Cannot locate element with text: MM5896
For documentation on this error, please visit: http://seleniumhq.org/exceptions/no_such_element.html
Build info: version: '3.0.1', revision: '1969d75', time: '2016-10-18 09:49:13 -0700'
System info: host: 'PAVILION', ip: '192.168.43.2', os.name: 'Windows 8.1', os.arch: 'x86', os.version: '6.3', java.version: '1.8.0_191'
Driver info: driver.version: unknown
at org.openqa.selenium.support.ui.Select.selectByVisibleText(Select.java:151)
at com.fleetain.pages.AddVehiclePage.IdentificationDetailsofvehicle(AddVehiclePage.java:115)
at com.fleetain.Testcase.AddVehiclePageTest.enter_Vehicle_Details(AddVehiclePageTest.java:76)
at sun.reflect.NativeMethodAccessorImpl.invoke0(Native Method)
at sun.reflect.NativeMethodAccessorImpl.invoke(Unknown Source)
at sun.reflect.DelegatingMethodAccessorImpl.invoke(Unknown Source)
at java.lang.reflect.Method.invoke(Unknown Source)
at org.testng.internal.MethodInvocationHelper.invokeMethod(MethodInvocationHelper.java:124)
at org.testng.internal.Invoker.invokeMethod(Invoker.java:580)
at org.testng.internal.Invoker.invokeTestMethod(Invoker.java:716)
at org.testng.internal.Invoker.invokeTestMethods(Invoker.java:988)
at org.testng.internal.TestMethodWorker.invokeTestMethods(TestMethodWorker.java:125)
at org.testng.internal.TestMethodWorker.run(TestMethodWorker.java:109)
at org.testng.TestRunner.privateRun(TestRunner.java:648)
at org.testng.TestRunner.run(TestRunner.java:505)
at org.testng.SuiteRunner.runTest(SuiteRunner.java:455)
at org.testng.SuiteRunner.runSequentially(SuiteRunner.java:450)
at org.testng.SuiteRunner.privateRun(SuiteRunner.java:415)
at org.testng.SuiteRunner.run(SuiteRunner.java:364)
at org.testng.SuiteRunnerWorker.runSuite(SuiteRunnerWorker.java:52)
at org.testng.SuiteRunnerWorker.run(SuiteRunnerWorker.java:84)
at org.testng.TestNG.runSuitesSequentially(TestNG.java:1208)
at org.testng.TestNG.runSuitesLocally(TestNG.java:1137)
at org.testng.TestNG.runSuites(TestNG.java:1049)
at org.testng.TestNG.run(TestNG.java:1017)
at org.testng.remote.AbstractRemoteTestNG.run(AbstractRemoteTestNG.java:114)
at org.testng.remote.RemoteTestNG.initAndRun(RemoteTestNG.java:251)
at org.testng.remote.RemoteTestNG.main(RemoteTestNG.java:77)
]]>
    </error>
  </testcase> <!-- enter_Vehicle_Details -->
  <testcase name="enter_Vehicle_Details" time="55.206" classname="com.fleetain.Testcase.AddVehiclePageTest">
    <error type="org.openqa.selenium.NoSuchElementException" message="Cannot locate element with text: EE5896
For documentation on this error, please visit: http://seleniumhq.org/exceptions/no_such_element.html
Build info: version: &#039;3.0.1&#039;, revision: &#039;1969d75&#039;, time: &#039;2016-10-18 09:49:13 -0700&#039;
System info: host: &#039;PAVILION&#039;, ip: &#039;192.168.43.2&#039;, os.name: &#039;Windows 8.1&#039;, os.arch: &#039;x86&#039;, os.version: &#039;6.3&#039;, java.version: &#039;1.8.0_191&#039;
Driver info: driver.version: unknown">
      <![CDATA[org.openqa.selenium.NoSuchElementException: Cannot locate element with text: EE5896
For documentation on this error, please visit: http://seleniumhq.org/exceptions/no_such_element.html
Build info: version: '3.0.1', revision: '1969d75', time: '2016-10-18 09:49:13 -0700'
System info: host: 'PAVILION', ip: '192.168.43.2', os.name: 'Windows 8.1', os.arch: 'x86', os.version: '6.3', java.version: '1.8.0_191'
Driver info: driver.version: unknown
at org.openqa.selenium.support.ui.Select.selectByVisibleText(Select.java:151)
at com.fleetain.pages.AddVehiclePage.IdentificationDetailsofvehicle(AddVehiclePage.java:115)
at com.fleetain.Testcase.AddVehiclePageTest.enter_Vehicle_Details(AddVehiclePageTest.java:76)
at sun.reflect.NativeMethodAccessorImpl.invoke0(Native Method)
at sun.reflect.NativeMethodAccessorImpl.invoke(Unknown Source)
at sun.reflect.DelegatingMethodAccessorImpl.invoke(Unknown Source)
at java.lang.reflect.Method.invoke(Unknown Source)
at org.testng.internal.MethodInvocationHelper.invokeMethod(MethodInvocationHelper.java:124)
at org.testng.internal.Invoker.invokeMethod(Invoker.java:580)
at org.testng.internal.Invoker.invokeTestMethod(Invoker.java:716)
at org.testng.internal.Invoker.invokeTestMethods(Invoker.java:988)
at org.testng.internal.TestMethodWorker.invokeTestMethods(TestMethodWorker.java:125)
at org.testng.internal.TestMethodWorker.run(TestMethodWorker.java:109)
at org.testng.TestRunner.privateRun(TestRunner.java:648)
at org.testng.TestRunner.run(TestRunner.java:505)
at org.testng.SuiteRunner.runTest(SuiteRunner.java:455)
at org.testng.SuiteRunner.runSequentially(SuiteRunner.java:450)
at org.testng.SuiteRunner.privateRun(SuiteRunner.java:415)
at org.testng.SuiteRunner.run(SuiteRunner.java:364)
at org.testng.SuiteRunnerWorker.runSuite(SuiteRunnerWorker.java:52)
at org.testng.SuiteRunnerWorker.run(SuiteRunnerWorker.java:84)
at org.testng.TestNG.runSuitesSequentially(TestNG.java:1208)
at org.testng.TestNG.runSuitesLocally(TestNG.java:1137)
at org.testng.TestNG.runSuites(TestNG.java:1049)
at org.testng.TestNG.run(TestNG.java:1017)
at org.testng.remote.AbstractRemoteTestNG.run(AbstractRemoteTestNG.java:114)
at org.testng.remote.RemoteTestNG.initAndRun(RemoteTestNG.java:251)
at org.testng.remote.RemoteTestNG.main(RemoteTestNG.java:77)
]]>
    </error>
  </testcase> <!-- enter_Vehicle_Details -->
  <testcase name="enter_Details_Identification_Of_Vehicle" classname="com.fleetain.Testcase.AddVehiclePageTest">
    <skipped/>
  </testcase> <!-- enter_Details_Identification_Of_Vehicle -->
  <testcase name="enter_vehicale_Classification_details" classname="com.fleetain.Testcase.AddVehiclePageTest">
    <skipped/>
  </testcase> <!-- enter_vehicale_Classification_details -->
  <testcase name="add_Vehicle_Photo" classname="com.fleetain.Testcase.AddVehiclePageTest">
    <skipped/>
  </testcase> <!-- add_Vehicle_Photo -->
  <testcase name="enter_Additional_Details_of_vehicle" classname="com.fleetain.Testcase.AddVehiclePageTest">
    <skipped/>
  </testcase> <!-- enter_Additional_Details_of_vehicle -->
  <testcase name="click_On_cancelButton" classname="com.fleetain.Testcase.AddVehiclePageTest">
    <skipped/>
  </testcase> <!-- click_On_cancelButton -->
  <testcase name="click_On_Save_Exit_Buttion" classname="com.fleetain.Testcase.AddVehiclePageTest">
    <skipped/>
  </testcase> <!-- click_On_Save_Exit_Buttion -->
  <testcase name="enter_vehicle_Owner_details" classname="com.fleetain.Testcase.AddVehiclePageTest">
    <skipped/>
  </testcase> <!-- enter_vehicle_Owner_details -->
</testsuite> <!-- com.fleetain.Testcase.AddVehiclePageTest -->
