<?xml version="1.0" encoding="UTF-8"?>
<!-- Generated by org.testng.reporters.JUnitReportReporter -->
<testsuite skipped="0" hostname="Intel-PC-Shreejesh" name="com.fleetain.Testcase.Masters_AddPartCategoryTest" tests="3" failures="0" timestamp="25 May 2019 11:43:47 GMT" time="17.547" errors="0">
  <testcase name="verifyCorrectUserName" time="0.038" classname="com.fleetain.Testcase.Masters_AddPartCategoryTest"/>
  <testcase name="addPartCategory" time="8.989" classname="com.fleetain.Testcase.Masters_AddPartCategoryTest"/>
  <testcase name="addPartCategory" time="8.520" classname="com.fleetain.Testcase.Masters_AddPartCategoryTest"/>
</testsuite> <!-- com.fleetain.Testcase.Masters_AddPartCategoryTest -->
