<?xml version="1.0" encoding="UTF-8"?>
<!-- Generated by org.testng.reporters.JUnitReportReporter -->
<testsuite skipped="0" hostname="Intel-PC-Shreejesh" name="com.fleetain.Testcase.Inspection_InspectionListTestDaily" tests="11" failures="0" timestamp="29 May 2019 08:21:56 GMT" time="59.657" errors="0">
  <testcase name="enter_Inspection_Data" time="9.903" classname="com.fleetain.Testcase.Inspection_InspectionListTestDaily"/>
  <testcase name="click_On_add_Item" time="0.306" classname="com.fleetain.Testcase.Inspection_InspectionListTestDaily"/>
  <testcase name="select_pass_Add_Items" time="3.314" classname="com.fleetain.Testcase.Inspection_InspectionListTestDaily"/>
  <testcase name="click_On_Add_Item_And_Select_Pass_Fail" time="2.974" classname="com.fleetain.Testcase.Inspection_InspectionListTestDaily"/>
  <testcase name="click_on_Odometer_Entry" time="2.565" classname="com.fleetain.Testcase.Inspection_InspectionListTestDaily"/>
  <testcase name="click_On_Reading_Entry" time="2.862" classname="com.fleetain.Testcase.Inspection_InspectionListTestDaily"/>
  <testcase name="click_On_Save_Button" time="6.631" classname="com.fleetain.Testcase.Inspection_InspectionListTestDaily"/>
  <testcase name="assign_Vehicle" time="10.371" classname="com.fleetain.Testcase.Inspection_InspectionListTestDaily"/>
  <testcase name="assign_Person" time="13.599" classname="com.fleetain.Testcase.Inspection_InspectionListTestDaily"/>
  <testcase name="add_Work_Flow" time="7.096" classname="com.fleetain.Testcase.Inspection_InspectionListTestDaily"/>
  <testcase name="acceptThePopUpAlert" time="0.036" classname="com.fleetain.Testcase.Inspection_InspectionListTestDaily"/>
</testsuite> <!-- com.fleetain.Testcase.Inspection_InspectionListTestDaily -->
